Defaulting to user installation because normal site-packages is not writeable
Collecting gradio
  Using cached gradio-6.19.0-py3-none-any.whl.metadata (17 kB)
Collecting anyio<5.0,>=3.0 (from gradio)
  Using cached anyio-4.14.1-py3-none-any.whl.metadata (4.6 kB)
Collecting brotli>=1.1.0 (from gradio)
  Using cached brotli-1.2.0-cp310-cp310-manylinux2014_x86_64.manylinux_2_17_x86_64.whl.metadata (6.1 kB)
Collecting fastapi<1.0,>=0.115.2 (from gradio)
  Using cached fastapi-0.139.0-py3-none-any.whl.metadata (26 kB)
Collecting gradio-client==2.5.0 (from gradio)
  Using cached gradio_client-2.5.0-py3-none-any.whl.metadata (7.1 kB)
Collecting groovy~=0.1 (from gradio)
  Using cached groovy-0.1.2-py3-none-any.whl.metadata (6.1 kB)
Collecting hf-gradio<1.0,>=0.4.1 (from gradio)
  Using cached hf_gradio-0.4.1-py3-none-any.whl.metadata (428 bytes)
Collecting httpx<1.0,>=0.24.1 (from gradio)
  Using cached httpx-0.28.1-py3-none-any.whl.metadata (7.1 kB)
Collecting huggingface-hub<2.0,>=1.2.0 (from gradio)
  Using cached huggingface_hub-1.22.0-py3-none-any.whl.metadata (14 kB)
Requirement already satisfied: jinja2<4.0 in /usr/lib/python3/dist-packages (from gradio) (3.0.3)
Requirement already satisfied: markupsafe<4.0,>=2.0 in /usr/lib/python3/dist-packages (from gradio) (2.0.1)
Requirement already satisfied: numpy<3.0,>=1.0 in /usr/local/lib/python3.10/dist-packages (from gradio) (2.2.6)
Collecting orjson~=3.0 (from gradio)
  Using cached orjson-3.11.9-cp310-cp310-manylinux_2_17_x86_64.manylinux2014_x86_64.whl.metadata (41 kB)
Requirement already satisfied: packaging in /usr/local/lib/python3.10/dist-packages (from gradio) (26.2)
Requirement already satisfied: pandas<4.0,>=1.0 in /usr/local/lib/python3.10/dist-packages (from gradio) (2.3.3)
Requirement already satisfied: pillow<13.0,>=8.0 in /usr/local/lib/python3.10/dist-packages (from gradio) (12.2.0)
Collecting pydantic<=3.0,>=2.0 (from gradio)
  Using cached pydantic-2.13.4-py3-none-any.whl.metadata (109 kB)
Collecting pydub<1.0 (from gradio)
  Using cached pydub-0.25.1-py2.py3-none-any.whl.metadata (1.4 kB)
Collecting python-multipart<1.0,>=0.0.18 (from gradio)
  Using cached python_multipart-0.0.32-py3-none-any.whl.metadata (2.1 kB)
Requirement already satisfied: pytz>=2017.2 in /usr/local/lib/python3.10/dist-packages (from gradio) (2026.2)
Requirement already satisfied: pyyaml<7.0,>=5.0 in /usr/local/lib/python3.10/dist-packages (from gradio) (6.0.3)
Collecting safehttpx<0.2.0,>=0.1.7 (from gradio)
  Using cached safehttpx-0.1.7-py3-none-any.whl.metadata (4.2 kB)
Collecting semantic-version~=2.0 (from gradio)
  Using cached semantic_version-2.10.0-py2.py3-none-any.whl.metadata (9.7 kB)
Collecting starlette<2.0,>=1.0.1 (from gradio)
  Using cached starlette-1.3.1-py3-none-any.whl.metadata (6.4 kB)
Collecting tomlkit<0.15.0,>=0.12.0 (from gradio)
  Using cached tomlkit-0.14.0-py3-none-any.whl.metadata (2.8 kB)
Collecting typer<1.0,>=0.12 (from gradio)
  Using cached typer-0.26.8-py3-none-any.whl.metadata (15 kB)
Requirement already satisfied: typing-extensions~=4.0 in /usr/local/lib/python3.10/dist-packages (from gradio) (4.15.0)
Collecting uvicorn>=0.14.0 (from gradio)
  Using cached uvicorn-0.50.2-py3-none-any.whl.metadata (6.7 kB)
Collecting fsspec (from gradio-client==2.5.0->gradio)
  Using cached fsspec-2026.6.0-py3-none-any.whl.metadata (10 kB)
Collecting exceptiongroup>=1.0.2 (from anyio<5.0,>=3.0->gradio)
  Using cached exceptiongroup-1.3.1-py3-none-any.whl.metadata (6.7 kB)
Requirement already satisfied: idna>=2.8 in /usr/local/lib/python3.10/dist-packages (from anyio<5.0,>=3.0->gradio) (3.18)
Collecting typing-inspection>=0.4.2 (from fastapi<1.0,>=0.115.2->gradio)
  Using cached typing_inspection-0.4.2-py3-none-any.whl.metadata (2.6 kB)
Collecting annotated-doc>=0.0.2 (from fastapi<1.0,>=0.115.2->gradio)
  Using cached annotated_doc-0.0.4-py3-none-any.whl.metadata (6.6 kB)
Requirement already satisfied: certifi in /usr/local/lib/python3.10/dist-packages (from httpx<1.0,>=0.24.1->gradio) (2026.5.20)
Collecting httpcore==1.* (from httpx<1.0,>=0.24.1->gradio)
  Using cached httpcore-1.0.9-py3-none-any.whl.metadata (21 kB)
Collecting h11>=0.16 (from httpcore==1.*->httpx<1.0,>=0.24.1->gradio)
  Using cached h11-0.16.0-py3-none-any.whl.metadata (8.3 kB)
Collecting click<9.0.0,>=8.4.2 (from huggingface-hub<2.0,>=1.2.0->gradio)
  Using cached click-8.4.2-py3-none-any.whl.metadata (2.6 kB)
Collecting filelock>=3.10.0 (from huggingface-hub<2.0,>=1.2.0->gradio)
  Using cached filelock-3.29.6-py3-none-any.whl.metadata (2.0 kB)
Collecting hf-xet<2.0.0,>=1.5.1 (from huggingface-hub<2.0,>=1.2.0->gradio)
  Using cached hf_xet-1.5.1-cp37-abi3-manylinux2014_x86_64.manylinux_2_17_x86_64.whl.metadata (4.9 kB)
Collecting tqdm>=4.42.1 (from huggingface-hub<2.0,>=1.2.0->gradio)
  Using cached tqdm-4.68.3-py3-none-any.whl.metadata (57 kB)
Requirement already satisfied: python-dateutil>=2.8.2 in /usr/local/lib/python3.10/dist-packages (from pandas<4.0,>=1.0->gradio) (2.9.0.post0)
Requirement already satisfied: tzdata>=2022.7 in /usr/local/lib/python3.10/dist-packages (from pandas<4.0,>=1.0->gradio) (2026.2)
Collecting annotated-types>=0.6.0 (from pydantic<=3.0,>=2.0->gradio)
  Using cached annotated_types-0.7.0-py3-none-any.whl.metadata (15 kB)
Collecting pydantic-core==2.46.4 (from pydantic<=3.0,>=2.0->gradio)
  Using cached pydantic_core-2.46.4-cp310-cp310-manylinux_2_17_x86_64.manylinux2014_x86_64.whl.metadata (6.6 kB)
Collecting shellingham>=1.3.0 (from typer<1.0,>=0.12->gradio)
  Using cached shellingham-1.5.4-py2.py3-none-any.whl.metadata (3.5 kB)
Collecting rich>=13.8.0 (from typer<1.0,>=0.12->gradio)
  Using cached rich-15.0.0-py3-none-any.whl.metadata (18 kB)
Requirement already satisfied: six>=1.5 in /usr/local/lib/python3.10/dist-packages (from python-dateutil>=2.8.2->pandas<4.0,>=1.0->gradio) (1.17.0)
Requirement already satisfied: markdown-it-py>=2.2.0 in /usr/local/lib/python3.10/dist-packages (from rich>=13.8.0->typer<1.0,>=0.12->gradio) (4.2.0)
Collecting pygments<3.0.0,>=2.13.0 (from rich>=13.8.0->typer<1.0,>=0.12->gradio)
  Using cached pygments-2.20.0-py3-none-any.whl.metadata (2.5 kB)
Requirement already satisfied: mdurl~=0.1 in /usr/local/lib/python3.10/dist-packages (from markdown-it-py>=2.2.0->rich>=13.8.0->typer<1.0,>=0.12->gradio) (0.1.2)
Using cached gradio-6.19.0-py3-none-any.whl (31.3 MB)
Using cached gradio_client-2.5.0-py3-none-any.whl (59 kB)
Using cached anyio-4.14.1-py3-none-any.whl (124 kB)
Using cached fastapi-0.139.0-py3-none-any.whl (130 kB)
Using cached groovy-0.1.2-py3-none-any.whl (14 kB)
Using cached hf_gradio-0.4.1-py3-none-any.whl (4.5 kB)
Using cached httpx-0.28.1-py3-none-any.whl (73 kB)
Using cached httpcore-1.0.9-py3-none-any.whl (78 kB)
Using cached huggingface_hub-1.22.0-py3-none-any.whl (765 kB)
Using cached click-8.4.2-py3-none-any.whl (119 kB)
Downloading hf_xet-1.5.1-cp37-abi3-manylinux2014_x86_64.manylinux_2_17_x86_64.whl (4.5 MB)
   ━━━━━━━━━━━━━━━━━━━━━━━━━━━━━━━━━━━━━━━━ 4.5/4.5 MB 1.5 MB/s  0:00:03
Downloading orjson-3.11.9-cp310-cp310-manylinux_2_17_x86_64.manylinux2014_x86_64.whl (134 kB)
Downloading pydantic-2.13.4-py3-none-any.whl (472 kB)
Downloading pydantic_core-2.46.4-cp310-cp310-manylinux_2_17_x86_64.manylinux2014_x86_64.whl (2.1 MB)
   ━━━━━━━━━━━━━━━━━━━━━━━━━━━━━━━━━━━━━━━━ 2.1/2.1 MB 1.0 MB/s  0:00:02
Downloading pydub-0.25.1-py2.py3-none-any.whl (32 kB)
Downloading python_multipart-0.0.32-py3-none-any.whl (30 kB)
Downloading safehttpx-0.1.7-py3-none-any.whl (9.0 kB)
Downloading semantic_version-2.10.0-py2.py3-none-any.whl (15 kB)
Downloading starlette-1.3.1-py3-none-any.whl (73 kB)
Downloading tomlkit-0.14.0-py3-none-any.whl (39 kB)
Downloading typer-0.26.8-py3-none-any.whl (122 kB)
Downloading annotated_doc-0.0.4-py3-none-any.whl (5.3 kB)
Downloading annotated_types-0.7.0-py3-none-any.whl (13 kB)
Downloading brotli-1.2.0-cp310-cp310-manylinux2014_x86_64.manylinux_2_17_x86_64.whl (1.4 MB)
   ━━━━━━━━━━━━━━━━━━━━━━━━━━━━━━━━━━━━━━━━ 1.4/1.4 MB 1.2 MB/s  0:00:01
Downloading exceptiongroup-1.3.1-py3-none-any.whl (16 kB)
Downloading filelock-3.29.6-py3-none-any.whl (45 kB)
Downloading fsspec-2026.6.0-py3-none-any.whl (203 kB)
Downloading h11-0.16.0-py3-none-any.whl (37 kB)
Downloading rich-15.0.0-py3-none-any.whl (310 kB)
Downloading pygments-2.20.0-py3-none-any.whl (1.2 MB)
   ━━━━━━━━━━━━━━━━━━━━━━━━━━━━━━━━━━━━━━━━ 1.2/1.2 MB 402.9 kB/s  0:00:02
Downloading shellingham-1.5.4-py2.py3-none-any.whl (9.8 kB)
Downloading tqdm-4.68.3-py3-none-any.whl (78 kB)
Downloading typing_inspection-0.4.2-py3-none-any.whl (14 kB)
Downloading uvicorn-0.50.2-py3-none-any.whl (72 kB)
Installing collected packages: pydub, brotli, typing-inspection, tqdm, tomlkit, shellingham, semantic-version, python-multipart, pygments, pydantic-core, orjson, hf-xet, h11, groovy, fsspec, filelock, exceptiongroup, click, annotated-types, annotated-doc, uvicorn, rich, pydantic, httpcore, anyio, typer, starlette, httpx, safehttpx, huggingface-hub, fastapi, gradio-client, hf-gradio, gradio
  WARNING: The script tqdm is installed in '/sessions/epic-funny-goldberg/.local/bin' which is not on PATH.
  Consider adding this directory to PATH or, if you prefer to suppress this warning, use --no-warn-script-location.
  WARNING: The script pygmentize is installed in '/sessions/epic-funny-goldberg/.local/bin' which is not on PATH.
  Consider adding this directory to PATH or, if you prefer to suppress this warning, use --no-warn-script-location.
  WARNING: The script uvicorn is installed in '/sessions/epic-funny-goldberg/.local/bin' which is not on PATH.
  Consider adding this directory to PATH or, if you prefer to suppress this warning, use --no-warn-script-location.
  WARNING: The script typer is installed in '/sessions/epic-funny-goldberg/.local/bin' which is not on PATH.
  Consider adding this directory to PATH or, if you prefer to suppress this warning, use --no-warn-script-location.
  WARNING: The script httpx is installed in '/sessions/epic-funny-goldberg/.local/bin' which is not on PATH.
  Consider adding this directory to PATH or, if you prefer to suppress this warning, use --no-warn-script-location.
  WARNING: The scripts hf, huggingface-cli and tiny-agents are installed in '/sessions/epic-funny-goldberg/.local/bin' which is not on PATH.
  Consider adding this directory to PATH or, if you prefer to suppress this warning, use --no-warn-script-location.
  WARNING: The script fastapi is installed in '/sessions/epic-funny-goldberg/.local/bin' which is not on PATH.
  Consider adding this directory to PATH or, if you prefer to suppress this warning, use --no-warn-script-location.
  WARNING: The script hf-gradio is installed in '/sessions/epic-funny-goldberg/.local/bin' which is not on PATH.
  Consider adding this directory to PATH or, if you prefer to suppress this warning, use --no-warn-script-location.
  WARNING: The scripts gradio and upload_theme are installed in '/sessions/epic-funny-goldberg/.local/bin' which is not on PATH.
  Consider adding this directory to PATH or, if you prefer to suppress this warning, use --no-warn-script-location.

Successfully installed annotated-doc-0.0.4 annotated-types-0.7.0 anyio-4.14.1 brotli-1.2.0 click-8.4.2 exceptiongroup-1.3.1 fastapi-0.139.0 filelock-3.29.6 fsspec-2026.6.0 gradio-6.19.0 gradio-client-2.5.0 groovy-0.1.2 h11-0.16.0 hf-gradio-0.4.1 hf-xet-1.5.1 httpcore-1.0.9 httpx-0.28.1 huggingface-hub-1.22.0 orjson-3.11.9 pydantic-2.13.4 pydantic-core-2.46.4 pydub-0.25.1 pygments-2.20.0 python-multipart-0.0.32 rich-15.0.0 safehttpx-0.1.7 semantic-version-2.10.0 shellingham-1.5.4 starlette-1.3.1 tomlkit-0.14.0 tqdm-4.68.3 typer-0.26.8 typing-inspection-0.4.2 uvicorn-0.50.2
